<?xml version="1.0" encoding="UTF-8"?>
<testsuite xmlns:xsi="http://www.w3.org/2001/XMLSchema-instance" xsi:noNamespaceSchemaLocation="https://maven.apache.org/surefire/maven-surefire-plugin/xsd/surefire-test-report.xsd" name="TestSuite" time="23.338" tests="2" errors="0" skipped="0" failures="0">
  <properties>
[...]
</properties>
  <testcase name="firsatlarTest" classname="com.cagla.testcases.FirsatlarTest" time="1.321"/>
  <testcase name="urunIncelemeTest" classname="com.cagla.testcases.UrunIncelemeTest" time="3.119"/>
</testsuite>